<?xml version="1.0" encoding="UTF-8"?>
<testng-results ignored="0" total="1" passed="1" failed="0" skipped="0">
  <reporter-output>
  </reporter-output>
  <suite started-at="2023-05-15T22:08:55 IST" name="Suite" finished-at="2023-05-15T22:09:09 IST" duration-ms="14328">
    <groups>
    </groups>
    <test started-at="2023-05-15T22:08:55 IST" name="Test" finished-at="2023-05-15T22:09:09 IST" duration-ms="14328">
      <class name="Test1.validate_july_date">
        <test-method is-config="true" signature="beforeclass()[pri:0, instance:Test1.validate_july_date@46cdf8bd]" started-at="2023-05-15T22:08:55 IST" name="beforeclass" finished-at="2023-05-15T22:09:00 IST" duration-ms="4538" status="PASS">
          <reporter-output>
          </reporter-output>
        </test-method> <!-- beforeclass -->
        <test-method is-config="true" signature="beforemethod()[pri:0, instance:Test1.validate_july_date@46cdf8bd]" started-at="2023-05-15T22:09:00 IST" name="beforemethod" finished-at="2023-05-15T22:09:00 IST" duration-ms="14" status="PASS">
          <reporter-output>
          </reporter-output>
        </test-method> <!-- beforemethod -->
        <test-method signature="Verifyuserenterjuly()[pri:0, instance:Test1.validate_july_date@46cdf8bd]" started-at="2023-05-15T22:09:00 IST" name="Verifyuserenterjuly" finished-at="2023-05-15T22:09:09 IST" duration-ms="9729" status="PASS">
          <reporter-output>
          </reporter-output>
        </test-method> <!-- Verifyuserenterjuly -->
        <test-method is-config="true" signature="aftermethod()[pri:0, instance:Test1.validate_july_date@46cdf8bd]" started-at="2023-05-15T22:09:09 IST" name="aftermethod" finished-at="2023-05-15T22:09:09 IST" duration-ms="1" status="PASS">
          <reporter-output>
          </reporter-output>
        </test-method> <!-- aftermethod -->
        <test-method is-config="true" signature="afterclass()[pri:0, instance:Test1.validate_july_date@46cdf8bd]" started-at="2023-05-15T22:09:09 IST" name="afterclass" finished-at="2023-05-15T22:09:09 IST" duration-ms="1" status="PASS">
          <reporter-output>
          </reporter-output>
        </test-method> <!-- afterclass -->
      </class> <!-- Test1.validate_july_date -->
    </test> <!-- Test -->
  </suite> <!-- Suite -->
</testng-results>
